c:\users\rahul\source\repos\cp\cp\cpplib\debug\cpplib.pdb
c:\users\rahul\source\repos\cp\cp\cpplib\debug\cpplib.idb
c:\users\rahul\source\repos\cp\cp\cpplib\debug\choose.obj
c:\users\rahul\source\repos\cp\cp\cpplib\debug\arbitrary_precision_integer.obj
c:\users\rahul\source\repos\cp\cp\cpplib\debug\kosarajus_sccs.obj
c:\users\rahul\source\repos\cp\cp\cpplib\debug\dsu.obj
c:\users\rahul\source\repos\cp\cp\cpplib\debug\dijkstra.obj
c:\users\rahul\source\repos\cp\cp\cpplib\debug\desopo_pape.obj
c:\users\rahul\source\repos\cp\cp\cpplib\debug\graph.obj
c:\users\rahul\source\repos\cp\cp\cpplib\debug\weighted_edge.obj
c:\users\rahul\source\repos\cp\cp\cpplib\debug\weighted_bi_edge.obj
c:\users\rahul\source\repos\cp\cp\cpplib\debug\edge.obj
c:\users\rahul\source\repos\cp\cp\cpplib\debug\bi_edge.obj
c:\users\rahul\source\repos\cp\cp\cpplib\debug\y_combinator.obj
c:\users\rahul\source\repos\cp\cp\cpplib\debug\to_string.obj
c:\users\rahul\source\repos\cp\cp\cpplib\debug\timer.obj
c:\users\rahul\source\repos\cp\cp\cpplib\debug\prng.obj
c:\users\rahul\source\repos\cp\cp\cpplib\debug\input.obj
c:\users\rahul\source\repos\cp\cp\cpplib\debug\chash.obj
c:\users\rahul\source\repos\cp\cp\cpplib\debug\bit.obj
c:\users\rahul\source\repos\cp\cp\cpplib\debug\merge_sort.obj
c:\users\rahul\source\repos\cp\cp\cpplib\debug\insertion_sort.obj
c:\users\rahul\source\repos\cp\cp\cpplib\debug\heap_sort.obj
c:\users\rahul\source\repos\cp\cp\cpplib\debug\counting_sort.obj
c:\users\rahul\source\repos\cp\cp\cpplib\debug\bubble_sort.obj
c:\users\rahul\source\repos\cp\cp\cpplib\debug\binary_insertion_sort.obj
c:\users\rahul\source\repos\cp\cp\cpplib\debug\distinctelements.obj
c:\users\rahul\source\repos\cp\cp\cpplib\debug\trailing_zero_bits.obj
c:\users\rahul\source\repos\cp\cp\cpplib\debug\quadratic_diophantine.obj
c:\users\rahul\source\repos\cp\cp\cpplib\debug\power.obj
c:\users\rahul\source\repos\cp\cp\cpplib\debug\polynomial.obj
c:\users\rahul\source\repos\cp\cp\cpplib\debug\pollards_rho.obj
c:\users\rahul\source\repos\cp\cp\cpplib\debug\modular.obj
c:\users\rahul\source\repos\cp\cp\cpplib\debug\miller_rabin.obj
c:\users\rahul\source\repos\cp\cp\cpplib\debug\linear_diophantine.obj
c:\users\rahul\source\repos\cp\cp\cpplib\debug\lcm.obj
c:\users\rahul\source\repos\cp\cp\cpplib\debug\gcd.obj
c:\users\rahul\source\repos\cp\cp\cpplib\debug\factorize.obj
c:\users\rahul\source\repos\cp\cp\cpplib\debug\digit_sum.obj
c:\users\rahul\source\repos\cp\cp\cpplib\debug\compress.obj
c:\users\rahul\source\repos\cp\cp\cpplib\debug\selection_sort.obj
c:\users\rahul\source\repos\cp\cp\cpplib\debug\quick_sort.obj
c:\users\rahul\source\repos\cp\cp\cpplib\\debug\cpplib.pdb
c:\users\rahul\source\repos\cp\cp\cpplib\debug\cpplib.tlog\cl.command.1.tlog
c:\users\rahul\source\repos\cp\cp\cpplib\debug\cpplib.tlog\cl.read.1.tlog
c:\users\rahul\source\repos\cp\cp\cpplib\debug\cpplib.tlog\cl.write.1.tlog
